\BOOKMARK [0][-]{chapter.listoffigures.1}{INTRODU\307\303O}{}
\BOOKMARK [1][-]{section.listoffigures.1.1}{Justificativa do trabalho}{chapter.listoffigures.1}
\BOOKMARK [1][-]{section.listoffigures.1.2}{Objetivo}{chapter.listoffigures.1}
\BOOKMARK [1][-]{section.listoffigures.1.3}{Estrutura do trabalho}{chapter.listoffigures.1}
\BOOKMARK [0][-]{chapter.listoffigures.2}{CONCEITOS E T\311CNICAS NECESS\301RIAS}{}
\BOOKMARK [1][-]{section.listoffigures.2.1}{Testes manuais}{chapter.listoffigures.2}
\BOOKMARK [1][-]{section.listoffigures.2.2}{Desenvolvimento Orientado a Testes}{chapter.listoffigures.2}
\BOOKMARK [1][-]{section.listoffigures.2.3}{Sistemas de controle de vers\343o}{chapter.listoffigures.2}
\BOOKMARK [1][-]{section.listoffigures.2.4}{M\351todos \341geis}{chapter.listoffigures.2}
\BOOKMARK [0][-]{chapter.listoffigures.3}{INTEGRA\307\303O CONT\315NUA}{}
\BOOKMARK [1][-]{section.listoffigures.3.1}{O que \351 Integra\347\343o Cont\355nua?}{chapter.listoffigures.3}
\BOOKMARK [2][-]{subsection.listoffigures.3.1.1}{Integra\347\343o Cont\355nua S\355ncrona}{section.listoffigures.3.1}
\BOOKMARK [2][-]{subsection.listoffigures.3.1.2}{Integra\347\343o Cont\355nua Ass\355ncrona}{section.listoffigures.3.1}
\BOOKMARK [1][-]{section.listoffigures.3.2}{Componentes de um sistema de Integra\347\343o Cont\355nua}{chapter.listoffigures.3}
\BOOKMARK [2][-]{subsection.listoffigures.3.2.1}{Desenvolvedor}{section.listoffigures.3.2}
\BOOKMARK [2][-]{subsection.listoffigures.3.2.2}{Sistema de Controle de Vers\343o}{section.listoffigures.3.2}
\BOOKMARK [2][-]{subsection.listoffigures.3.2.3}{Servidor de Integra\347\343o Cont\355nua}{section.listoffigures.3.2}
\BOOKMARK [2][-]{subsection.listoffigures.3.2.4}{Script de build}{section.listoffigures.3.2}
\BOOKMARK [2][-]{subsection.listoffigures.3.2.5}{Mecanismo de Feedback}{section.listoffigures.3.2}
\BOOKMARK [1][-]{section.listoffigures.3.3}{O script de build}{chapter.listoffigures.3}
\BOOKMARK [2][-]{subsection.listoffigures.3.3.1}{Bot\343o de Integra\347\343o}{section.listoffigures.3.3}
\BOOKMARK [3][-]{subsubsection.listoffigures.3.3.1.1}{Compila\347\343o de c\363digo fonte}{subsection.listoffigures.3.3.1}
\BOOKMARK [3][-]{subsubsection.listoffigures.3.3.1.2}{Integra\347\343o de Banco de Dados}{subsection.listoffigures.3.3.1}
\BOOKMARK [3][-]{subsubsection.listoffigures.3.3.1.3}{Execu\347\343o de testes}{subsection.listoffigures.3.3.1}
\BOOKMARK [3][-]{subsubsection.listoffigures.3.3.1.4}{Execu\347\343o de inspe\347\365es}{subsection.listoffigures.3.3.1}
\BOOKMARK [3][-]{subsubsection.listoffigures.3.3.1.5}{Deployment}{subsection.listoffigures.3.3.1}
\BOOKMARK [3][-]{subsubsection.listoffigures.3.3.1.6}{Documenta\347\343o}{subsection.listoffigures.3.3.1}
\BOOKMARK [2][-]{subsection.listoffigures.3.3.2}{Tipos de build}{section.listoffigures.3.3}
\BOOKMARK [2][-]{subsection.listoffigures.3.3.3}{Mecanismos de build}{section.listoffigures.3.3}
\BOOKMARK [1][-]{section.listoffigures.3.4}{Pr\341ticas da Integra\347\343o Cont\355nua}{chapter.listoffigures.3}
\BOOKMARK [2][-]{subsection.listoffigures.3.4.1}{Manter um \372nico reposit\363rio de c\363digo}{section.listoffigures.3.4}
\BOOKMARK [2][-]{subsection.listoffigures.3.4.2}{Build automatizado}{section.listoffigures.3.4}
\BOOKMARK [2][-]{subsection.listoffigures.3.4.3}{Build auto-test\341vel}{section.listoffigures.3.4}
\BOOKMARK [2][-]{subsection.listoffigures.3.4.4}{Todos enviam altera\347\365es para o reposit\363rio todos os dias}{section.listoffigures.3.4}
\BOOKMARK [2][-]{subsection.listoffigures.3.4.5}{Todo commit deve atualizar a baseline na m\341quina de integra\347\343o}{section.listoffigures.3.4}
\BOOKMARK [2][-]{subsection.listoffigures.3.4.6}{Mantenha o build r\341pido}{section.listoffigures.3.4}
\BOOKMARK [2][-]{subsection.listoffigures.3.4.7}{Teste em uma c\363pia do ambiente de produ\347\343o}{section.listoffigures.3.4}
\BOOKMARK [2][-]{subsection.listoffigures.3.4.8}{Torne f\341cil para qualquer pessoa o acesso ao \372ltimo execut\341vel}{section.listoffigures.3.4}
\BOOKMARK [2][-]{subsection.listoffigures.3.4.9}{Todos podem ver o que est\341 acontecendo}{section.listoffigures.3.4}
\BOOKMARK [2][-]{subsection.listoffigures.3.4.10}{Deploy autom\341tico}{section.listoffigures.3.4}
\BOOKMARK [1][-]{section.listoffigures.3.5}{Vantagens da Integra\347\343o Cont\355nua}{chapter.listoffigures.3}
\BOOKMARK [2][-]{subsection.listoffigures.3.5.1}{Defeitos s\343o encontrados e corrigidos o quanto antes}{section.listoffigures.3.5}
\BOOKMARK [2][-]{subsection.listoffigures.3.5.2}{Feedback instant\342neo}{section.listoffigures.3.5}
\BOOKMARK [2][-]{subsection.listoffigures.3.5.3}{Redu\347\343o de problemas futuros na instala\347\343o do software}{section.listoffigures.3.5}
\BOOKMARK [2][-]{subsection.listoffigures.3.5.4}{Redu\347\343o de processos manuais repetitivos}{section.listoffigures.3.5}
\BOOKMARK [2][-]{subsection.listoffigures.3.5.5}{Gera\347\343o de software execut\341vel ao clique de um bot\343o}{section.listoffigures.3.5}
\BOOKMARK [0][-]{chapter.listoffigures.4}{ESTUDO DE CASO}{}
\BOOKMARK [1][-]{section.listoffigures.4.1}{Ambiente estudado}{chapter.listoffigures.4}
\BOOKMARK [1][-]{section.listoffigures.4.2}{Situa\347\343o anterior}{chapter.listoffigures.4}
\BOOKMARK [1][-]{section.listoffigures.4.3}{Problemas}{chapter.listoffigures.4}
\BOOKMARK [1][-]{section.listoffigures.4.4}{Proposta para implanta\347\343o da Integra\347\343o Cont\355nua}{chapter.listoffigures.4}
\BOOKMARK [1][-]{section.listoffigures.4.5}{Como foi feita a implanta\347\343o}{chapter.listoffigures.4}
\BOOKMARK [1][-]{section.listoffigures.4.6}{Dificuldades para a implanta\347\343o}{chapter.listoffigures.4}
\BOOKMARK [1][-]{section.listoffigures.4.7}{Resultados obtidos}{chapter.listoffigures.4}
\BOOKMARK [1][-]{section.listoffigures.4.8}{Problemas remanescentes}{chapter.listoffigures.4}
\BOOKMARK [0][-]{chapter.listoffigures.5}{CONCLUS\325ES}{}
\BOOKMARK [1][-]{section.listoffigures.5.1}{Objetivos alcan\347ados}{chapter.listoffigures.5}
\BOOKMARK [1][-]{section.listoffigures.5.2}{Trabalhos futuros}{chapter.listoffigures.5}
\BOOKMARK [0][-]{section.listoffigures.5.2}{REFER\312NCIAS BIBLIOGR\301FICAS}{}
